<?xml version="1.0" encoding="UTF-8"?>
<testng-results ignored="0" total="1" passed="1" failed="0" skipped="0">
  <reporter-output>
  </reporter-output>
  <suite started-at="2023-07-02T22:51:13 IST" name="Default suite" finished-at="2023-07-02T22:51:28 IST" duration-ms="14403">
    <groups>
    </groups>
    <test started-at="2023-07-02T22:51:13 IST" name="Default test" finished-at="2023-07-02T22:51:28 IST" duration-ms="14403">
      <class name="org.home.category.Risva_Rachna.BaseClass">
        <test-method is-config="true" signature="startDriver()[pri:0, instance:org.home.category.Risva_Rachna.BaseClass@123ef382]" started-at="2023-07-02T22:51:13 IST" name="startDriver" finished-at="2023-07-02T22:51:18 IST" duration-ms="4636" status="PASS">
          <reporter-output>
          </reporter-output>
        </test-method> <!-- startDriver -->
        <test-method signature="someAction()[pri:0, instance:org.home.category.Risva_Rachna.BaseClass@123ef382]" started-at="2023-07-02T22:51:18 IST" name="someAction" finished-at="2023-07-02T22:51:28 IST" duration-ms="9736" status="PASS">
          <reporter-output>
          </reporter-output>
        </test-method> <!-- someAction -->
      </class> <!-- org.home.category.Risva_Rachna.BaseClass -->
    </test> <!-- Default test -->
  </suite> <!-- Default suite -->
</testng-results>
